2021-10-04 21:53:07 INFO  {} öffnete folgende Datei heroes.db 
2021-10-04 21:53:09 INFO  {} öffnete folgende Datei tradegoods.db 
2021-10-04 21:54:04 INFO  {} öffnete folgende Datei tradegoods.db 
2021-10-04 21:54:41 INFO  {} öffnete folgende Datei tradegoods.db 
2021-10-04 21:55:25 INFO  {} öffnete folgende Datei tradegoods.db 
2021-10-06 21:23:33 INFO  User {}öffnet folgende filednd5e.classes.json 
2021-10-06 21:24:22 INFO  User {}öffnet folgende filednd5e.items.json 
2021-10-06 21:24:56 INFO  User  öffnet folgende filednd5e.items.json 
2021-10-06 21:26:10 INFO  User {} öffnet folgende filednd5e.items.json 
2021-10-06 21:26:18 INFO  User {"user":{}} öffnet folgende filednd5e.items.json 
2021-10-06 21:32:51 INFO  User {} öffnet folgende filednd5e.items.json 
2021-10-06 21:33:32 INFO  User {} öffnet folgende filednd5e.items.json 
2021-10-06 21:33:59 INFO  User {} öffnet folgende filednd5e.items.json 
2021-10-06 21:35:35 INFO  User {} öffnet folgende filednd5e.items.json 
2021-10-06 21:35:55 INFO  User {} öffnet folgende filednd5e.items.json 
2021-10-06 21:36:20 INFO  User {} öffnet folgende filednd5e.heroes.json 
2021-10-06 21:36:22 INFO  User {} öffnet folgende filednd5e.classfeatures.json 
2021-10-06 21:36:33 INFO  User {} öffnet folgende filednd5e.classfeatures.json 
2021-10-06 21:37:03 INFO  User {} öffnet folgende filednd5e.classfeatures.json 
2021-10-06 21:37:45 INFO  User {} öffnet folgende filednd5e.heroes.json 
2021-10-06 21:38:35 INFO  User {} öffnet folgende filednd5e.heroes.json 
2021-10-06 21:38:41 INFO  User {} öffnet folgende filednd5e.heroes.json 
2021-10-06 21:38:55 INFO  User {} öffnet folgende filednd5e.items.json 
2021-10-06 21:39:35 INFO  User {} öffnet folgende filednd5e.items.json 
2021-10-06 21:39:49 INFO  User {} öffnet folgende filednd5e.items.json 
2021-10-06 21:40:33 INFO  User {} öffnet folgende filednd5e.items.json 
2021-10-06 21:47:41 INFO  User {} öffnet folgende filednd5e.items.json 
2021-10-06 21:48:01 INFO  User  öffnet folgende filednd5e.items.json 
2021-10-06 21:52:38 INFO  User  öffnet folgende fileitems.db 
2021-10-06 21:52:47 INFO  User  öffnet folgende fileitems.db 
2021-10-06 21:59:45 INFO  User  öffnet folgende fileitems.db 
2021-10-06 22:00:13 INFO  User  öffnet folgende fileitems.db 
2021-10-06 22:00:21 INFO  User  öffnet folgende fileitems.db 
2021-10-06 22:00:36 INFO  User  öffnet folgende fileitems.db 
2021-10-06 22:01:11 INFO  User  öffnet folgende fileitems.db 
2021-10-08 21:00:41 INFO  User  öffnet folgende fileclassfeatures.db 
2021-10-08 21:01:04 INFO  User  öffnet folgende fileclassfeatures.db 
2021-10-08 21:12:59 INFO  User  öffnet folgende fileclassfeatures.db 
2021-10-08 21:13:15 INFO  User  öffnet folgende fileclassfeatures.db 
2021-10-08 21:13:59 INFO  User  öffnet folgende fileclassfeatures.db 
2021-10-08 21:14:26 INFO  User  öffnet folgende fileclassfeatures.db 
2021-10-08 21:15:48 INFO  User  öffnet folgende fileclassfeatures.db 
2021-10-08 21:18:53 INFO  User  öffnet folgende fileclassfeatures.db 
2021-10-08 21:19:03 INFO  User  öffnet folgende fileheroes.db 
2021-10-08 21:19:07 INFO  User  öffnet folgende fileitems.db 
2021-10-08 21:20:40 INFO  User  öffnet folgende fileitems.db 
2021-10-08 21:21:09 INFO  User  öffnet folgende fileheroes.db 
2021-10-08 21:21:28 INFO  User  öffnet folgende fileheroes.db 
2021-10-08 21:21:46 INFO  User  öffnet folgende filemonsters.db 
2021-10-08 21:22:43 INFO  User  öffnet folgende filemonsters.db 
2021-10-08 21:22:50 INFO  User  öffnet folgende fileraces.db 
2021-10-08 21:23:55 INFO  User  öffnet folgende fileraces.db 
2021-10-08 21:24:01 INFO  User  öffnet folgende filerules.db 
2021-10-08 21:24:20 INFO  User  öffnet folgende filerules.db 
2021-10-08 21:25:45 INFO  User  öffnet folgende filerules.db 
2021-10-08 21:26:10 INFO  User  öffnet folgende filespells.db 
2021-10-08 21:26:16 INFO  User  öffnet folgende filetradegoods.db 
2021-10-08 21:29:42 INFO  User  öffnet folgende filetradegoods.db 
2021-10-08 21:29:56 INFO  User  öffnet folgende filetradegoods.db 
2021-10-08 21:30:40 INFO  User  öffnet folgende filetradegoods.db 
2021-10-08 21:31:26 INFO  User  öffnet folgende filetradegoods.db 
2021-10-08 21:31:39 INFO  User  öffnet folgende filetradegoods.db 
2021-10-08 21:31:42 INFO  User  öffnet folgende filetradegoods.db 
2021-10-08 21:31:48 INFO  User  öffnet folgende filetradegoods.db 
2021-10-08 21:32:39 INFO  User  öffnet folgende filetradegoods.db 
2021-10-08 21:33:11 INFO  User  öffnet folgende filetradegoods.db 
2021-10-08 21:33:23 INFO  User  öffnet folgende filetradegoods.db 
2021-10-08 21:33:35 INFO  User  öffnet folgende filetradegoods.db 
2021-10-08 21:34:16 INFO  User  öffnet folgende filetradegoods.db 
2021-10-08 21:34:31 INFO  User  öffnet folgende filetradegoods.db 
2021-10-08 21:34:40 INFO  User  öffnet folgende filespells.db 
2021-10-08 21:34:43 INFO  User  öffnet folgende filerules.db 
2021-10-08 21:35:03 INFO  User  öffnet folgende filerules.db 
2021-10-08 21:35:17 INFO  User  öffnet folgende filerules.db 
2021-10-08 21:35:41 INFO  User  öffnet folgende filerules.db 
2021-10-08 21:36:44 INFO  User  öffnet folgende fileitems.db 
2021-10-08 21:38:23 INFO  User  öffnet folgende fileitems.db 
2021-10-08 21:38:55 INFO  User  öffnet folgende fileitems.db 
2021-10-08 21:39:32 INFO  User  öffnet folgende fileitems.db 
2021-10-08 21:40:12 INFO  User  öffnet folgende fileitems.db 
2021-10-08 21:40:25 INFO  User  öffnet folgende filemonsterfeatures.db 
2021-10-08 21:48:08 INFO  User  öffnet folgende filemonsterfeatures.db 
2021-10-08 21:50:32 INFO  User  öffnet folgende filemonsterfeatures.db 
2021-10-08 21:51:18 INFO  User  öffnet folgende filemonsterfeatures.db 
2021-10-08 21:51:43 INFO  User  öffnet folgende filemonsterfeatures.db 
2021-10-08 21:52:05 INFO  User  öffnet folgende filemonsterfeatures.db 
2021-10-08 21:57:51 INFO  User  öffnet folgende filemonsterfeatures.db 
2021-10-08 21:58:20 INFO  User  öffnet folgende filemonsterfeatures.db 
2021-10-08 21:58:56 INFO  User  öffnet folgende filemonsterfeatures.db 
2021-10-08 21:59:15 INFO  User  öffnet folgende filemonsterfeatures.db 
2021-10-08 21:59:29 INFO  User  öffnet folgende filemonsterfeatures.db 
2021-10-08 22:01:34 INFO  User  öffnet folgende filemonsterfeatures.db 
2021-10-08 22:01:46 INFO  User  öffnet folgende filemonsterfeatures.db 
2021-10-08 22:02:56 INFO  User  öffnet folgende filemonsterfeatures.db 
2021-10-08 22:03:23 INFO  User  öffnet folgende filemonsterfeatures.db 
2021-10-08 22:03:38 INFO  User  öffnet folgende filemonsterfeatures.db 
2021-10-08 22:04:40 INFO  User  öffnet folgende filemonsterfeatures.db 
2021-10-08 22:05:08 INFO  User  öffnet folgende filemonsterfeatures.db 
2021-10-08 22:05:33 INFO  User  öffnet folgende filemonsterfeatures.db 
2021-10-08 22:05:56 INFO  User  öffnet folgende filemonsterfeatures.db 
2021-10-08 22:07:40 INFO  User  öffnet folgende filemonsterfeatures.db 
2021-10-08 22:07:50 INFO  User  öffnet folgende filemonsterfeatures.db 
2021-10-08 22:08:18 INFO  User  öffnet folgende filemonsterfeatures.db 
2021-10-08 22:08:30 INFO  User  öffnet folgende filemonsterfeatures.db 
2021-10-08 22:08:43 INFO  User  öffnet folgende filemonsterfeatures.db 
2021-10-08 22:09:04 INFO  User  öffnet folgende filemonsterfeatures.db 
2021-10-08 22:09:12 INFO  User  öffnet folgende filemonsterfeatures.db 
2021-10-08 22:09:23 INFO  User  öffnet folgende filemonsterfeatures.db 
2021-10-08 22:09:36 INFO  User  öffnet folgende filemonsterfeatures.db 
2021-10-08 22:10:10 INFO  User  öffnet folgende filemonsterfeatures.db 
2021-10-08 22:10:31 INFO  User  öffnet folgende filemonsterfeatures.db 
2021-10-08 22:11:33 INFO  User  öffnet folgende filemonsterfeatures.db 
2021-10-08 22:11:58 INFO  User  öffnet folgende filemonsterfeatures.db 
2021-10-08 22:12:52 INFO  User  öffnet folgende filemonsterfeatures.db 
2021-10-08 22:13:13 INFO  User  öffnet folgende filemonsterfeatures.db 
2021-10-08 22:13:36 INFO  User  öffnet folgende filemonsterfeatures.db 
2021-10-08 22:14:09 INFO  User  öffnet folgende filemonsterfeatures.db 
2021-10-08 22:14:17 INFO  User  öffnet folgende filemonsterfeatures.db 
2021-10-08 22:16:11 INFO  User  öffnet folgende filemonsterfeatures.db 
2021-10-08 22:16:25 INFO  User  öffnet folgende filemonsterfeatures.db 
2021-10-08 22:16:43 INFO  User  öffnet folgende filemonsterfeatures.db 
